Running script from /home/bioadmin/pipeline-prep/tools/rsem
Dataset file: /data/scratch/ensembl-91/danio_rerio-genome/danio_rerio.genome.fa
Cmd: /opt/software/external/rsem/RSEM-v1.3.0/rsem-prepare-reference --gtf /data/scratch/ensembl-91/danio_rerio-gtf/Danio_rerio.GRCz10.91.gtf -p 8  /data/scratch/ensembl-91/danio_rerio-genome/danio_rerio.genome.fa /data/transformed/RSEM-v1.3.0/ensembl-91/danio_rerio-genome
=== /opt/software/external/rsem/RSEM-v1.3.0/rsem-prepare-reference's Logs start Here ===
rsem-extract-reference-transcripts /data/transformed/RSEM-v1.3.0/ensembl-91/danio_rerio-genome 0 /data/scratch/ensembl-91/danio_rerio-gtf/Danio_rerio.GRCz10.91.gtf None 0 /data/scratch/ensembl-91/danio_rerio-genome/danio_rerio.genome.fa
Warning: Cannot extract transcript ENSDART00000067781's sequence since the chromosome it locates, KN149697.1, is absent!
Warning: Cannot extract transcript ENSDART00000046694's sequence since the chromosome it locates, KN149948.1, is absent!
Warning: Cannot extract transcript ENSDART00000162798's sequence since the chromosome it locates, KN150120.1, is absent!
Warning: Cannot extract transcript ENSDART00000065491's sequence since the chromosome it locates, KN149929.1, is absent!
Warning: Cannot extract transcript ENSDART00000087636's sequence since the chromosome it locates, KN150177.1, is absent!
Warning: Cannot extract transcript ENSDART00000097326's sequence since the chromosome it locates, KN150530.1, is absent!
Warning: Cannot extract transcript ENSDART00000112964's sequence since the chromosome it locates, KN149698.1, is absent!
Warning: Cannot extract transcript ENSDART00000112376's sequence since the chromosome it locates, KN150628.1, is absent!
Warning: Cannot extract transcript ENSDART00000113746's sequence since the chromosome it locates, KN149698.1, is absent!
Warning: Cannot extract transcript ENSDART00000119332's sequence since the chromosome it locates, KN149900.1, is absent!
Warning: Cannot extract transcript ENSDART00000124995's sequence since the chromosome it locates, KN150362.1, is absent!
Warning: Cannot extract transcript ENSDART00000140512's sequence since the chromosome it locates, KN150173.1, is absent!
Warning: Cannot extract transcript ENSDART00000162113's sequence since the chromosome it locates, KN150001.1, is absent!
Warning: Cannot extract transcript ENSDART00000158361's sequence since the chromosome it locates, KN150125.1, is absent!
Warning: Cannot extract transcript ENSDART00000168325's sequence since the chromosome it locates, KN150267.1, is absent!
Warning: Cannot extract transcript ENSDART00000169877's sequence since the chromosome it locates, KN149682.1, is absent!
Warning: Cannot extract transcript ENSDART00000168090's sequence since the chromosome it locates, KN150407.1, is absent!
Warning: Cannot extract transcript ENSDART00000168738's sequence since the chromosome it locates, KN149689.1, is absent!
Warning: Cannot extract transcript ENSDART00000159073's sequence since the chromosome it locates, KN149850.1, is absent!
Warning: Cannot extract transcript ENSDART00000166995's sequence since the chromosome it locates, KN150647.1, is absent!
Warning: Cannot extract transcript ENSDART00000171152's sequence since the chromosome it locates, KN150631.1, is absent!
Warning: Cannot extract transcript ENSDART00000163193's sequence since the chromosome it locates, KN149790.1, is absent!
Warning: Cannot extract transcript ENSDART00000157693's sequence since the chromosome it locates, KN150653.1, is absent!
Warning: Cannot extract transcript ENSDART00000165236's sequence since the chromosome it locates, KN149989.1, is absent!
Warning: Cannot extract transcript ENSDART00000166972's sequence since the chromosome it locates, KN150032.1, is absent!
Warning: Cannot extract transcript ENSDART00000169846's sequence since the chromosome it locates, KN150550.1, is absent!
Warning: Cannot extract transcript ENSDART00000170411's sequence since the chromosome it locates, KN150550.1, is absent!
Warning: Cannot extract transcript ENSDART00000167939's sequence since the chromosome it locates, KN150120.1, is absent!
Warning: Cannot extract transcript ENSDART00000170173's sequence since the chromosome it locates, KN149739.1, is absent!
Warning: Cannot extract transcript ENSDART00000159341's sequence since the chromosome it locates, KN149943.1, is absent!
Warning: Cannot extract transcript ENSDART00000161092's sequence since the chromosome it locates, KN149943.1, is absent!
Warning: Cannot extract transcript ENSDART00000172096's sequence since the chromosome it locates, KN149948.1, is absent!
Warning: Cannot extract transcript ENSDART00000166541's sequence since the chromosome it locates, KN149842.1, is absent!
Warning: Cannot extract transcript ENSDART00000164908's sequence since the chromosome it locates, KN149719.1, is absent!
Warning: Cannot extract transcript ENSDART00000159407's sequence since the chromosome it locates, KN150355.1, is absent!
Warning: Cannot extract transcript ENSDART00000168671's sequence since the chromosome it locates, KN149689.1, is absent!
Warning: Cannot extract transcript ENSDART00000157695's sequence since the chromosome it locates, KN149688.1, is absent!
Warning: Cannot extract transcript ENSDART00000160214's sequence since the chromosome it locates, KN149696.1, is absent!
Warning: Cannot extract transcript ENSDART00000168490's sequence since the chromosome it locates, KN149696.1, is absent!
Warning: Cannot extract transcript ENSDART00000162265's sequence since the chromosome it locates, KN149688.1, is absent!
Warning: Cannot extract transcript ENSDART00000162878's sequence since the chromosome it locates, KN150262.1, is absent!
Warning: Cannot extract transcript ENSDART00000170148's sequence since the chromosome it locates, KN150703.1, is absent!
Warning: Cannot extract transcript ENSDART00000160676's sequence since the chromosome it locates, KN150348.1, is absent!
Warning: Cannot extract transcript ENSDART00000169423's sequence since the chromosome it locates, KN149948.1, is absent!
Warning: Cannot extract transcript ENSDART00000167871's sequence since the chromosome it locates, KN150685.1, is absent!
Warning: Cannot extract transcript ENSDART00000170508's sequence since the chromosome it locates, KN150685.1, is absent!
Warning: Cannot extract transcript ENSDART00000171934's sequence since the chromosome it locates, KN149753.1, is absent!
Warning: Cannot extract transcript ENSDART00000167969's sequence since the chromosome it locates, KN149681.1, is absent!
Warning: Cannot extract transcript ENSDART00000164077's sequence since the chromosome it locates, KN149688.1, is absent!
Warning: Cannot extract transcript ENSDART00000161960's sequence since the chromosome it locates, KN149696.1, is absent!
Warning: 932 transcripts are failed to extract because their chromosome sequences are absent.
Parsed 200000 lines
Parsed 400000 lines
Parsed 600000 lines
Parsed 800000 lines
Parsed 1000000 lines
Parsing gtf File is done!
/data/scratch/ensembl-91/danio_rerio-genome/danio_rerio.genome.fa is processed!
61963 transcripts are extracted.
Extracting sequences is done!
Group File is generated!
Transcript Information File is generated!
Chromosome List File is generated!
Extracted Sequences File is generated!

rsem-preref /data/transformed/RSEM-v1.3.0/ensembl-91/danio_rerio-genome.transcripts.fa 1 /data/transformed/RSEM-v1.3.0/ensembl-91/danio_rerio-genome
Refs.makeRefs finished!
Refs.saveRefs finished!
/data/transformed/RSEM-v1.3.0/ensembl-91/danio_rerio-genome.idx.fa is generated!
/data/transformed/RSEM-v1.3.0/ensembl-91/danio_rerio-genome.n2g.idx.fa is generated!

=== /opt/software/external/rsem/RSEM-v1.3.0/rsem-prepare-reference's Logs end Here ===
Program Complete
Running script from /home/bioadmin/pipeline-prep/tools/rsem
Dataset file: /data/scratch/ensembl-92/danio_rerio-genome/danio_rerio.genome.fa
Cmd: /opt/software/external/rsem/RSEM-v1.3.0/rsem-prepare-reference --gtf /data/scratch/ensembl-92/danio_rerio-gtf/Danio_rerio.GRCz11.92.gtf -p 8  /data/scratch/ensembl-92/danio_rerio-genome/danio_rerio.genome.fa /data/transformed/RSEM-v1.3.0/ensembl-92/danio_rerio-genome
=== /opt/software/external/rsem/RSEM-v1.3.0/rsem-prepare-reference's Logs start Here ===
rsem-extract-reference-transcripts /data/transformed/RSEM-v1.3.0/ensembl-92/danio_rerio-genome 0 /data/scratch/ensembl-92/danio_rerio-gtf/Danio_rerio.GRCz11.92.gtf None 0 /data/scratch/ensembl-92/danio_rerio-genome/danio_rerio.genome.fa
Warning: Cannot extract transcript ENSDART00000067781's sequence since the chromosome it locates, KN149697.1, is absent!
Warning: Cannot extract transcript ENSDART00000046694's sequence since the chromosome it locates, KN149948.1, is absent!
Warning: Cannot extract transcript ENSDART00000189589's sequence since the chromosome it locates, KN149948.1, is absent!
Warning: Cannot extract transcript ENSDART00000189751's sequence since the chromosome it locates, KN149948.1, is absent!
Warning: Cannot extract transcript ENSDART00000192430's sequence since the chromosome it locates, KN149948.1, is absent!
Warning: Cannot extract transcript ENSDART00000192736's sequence since the chromosome it locates, KN149948.1, is absent!
Warning: Cannot extract transcript ENSDART00000113746's sequence since the chromosome it locates, KN149698.1, is absent!
Warning: Cannot extract transcript ENSDART00000110613's sequence since the chromosome it locates, KZ115982.1, is absent!
Warning: Cannot extract transcript ENSDART00000119332's sequence since the chromosome it locates, KN149900.1, is absent!
Warning: Cannot extract transcript ENSDART00000124995's sequence since the chromosome it locates, KN150362.1, is absent!
Warning: Cannot extract transcript ENSDART00000183248's sequence since the chromosome it locates, KN150362.1, is absent!
Warning: Cannot extract transcript ENSDART00000130541's sequence since the chromosome it locates, KZ116011.1, is absent!
Warning: Cannot extract transcript ENSDART00000140512's sequence since the chromosome it locates, KN150173.1, is absent!
Warning: Cannot extract transcript ENSDART00000158361's sequence since the chromosome it locates, KN150125.1, is absent!
Warning: Cannot extract transcript ENSDART00000180363's sequence since the chromosome it locates, KN150125.1, is absent!
Warning: Cannot extract transcript ENSDART00000184273's sequence since the chromosome it locates, KN150125.1, is absent!
Warning: Cannot extract transcript ENSDART00000166995's sequence since the chromosome it locates, KN150647.1, is absent!
Warning: Cannot extract transcript ENSDART00000171152's sequence since the chromosome it locates, KN150631.1, is absent!
Warning: Cannot extract transcript ENSDART00000163193's sequence since the chromosome it locates, KN149790.1, is absent!
Warning: Cannot extract transcript ENSDART00000157693's sequence since the chromosome it locates, KN150653.1, is absent!
Warning: Cannot extract transcript ENSDART00000165236's sequence since the chromosome it locates, KN149989.1, is absent!
Warning: Cannot extract transcript ENSDART00000186160's sequence since the chromosome it locates, KN149989.1, is absent!
Warning: Cannot extract transcript ENSDART00000166972's sequence since the chromosome it locates, KN150032.1, is absent!
Warning: Cannot extract transcript ENSDART00000169846's sequence since the chromosome it locates, KN150550.1, is absent!
Warning: Cannot extract transcript ENSDART00000170411's sequence since the chromosome it locates, KN150550.1, is absent!
Warning: Cannot extract transcript ENSDART00000167939's sequence since the chromosome it locates, KN150120.1, is absent!
Warning: Cannot extract transcript ENSDART00000170173's sequence since the chromosome it locates, KN149739.1, is absent!
Warning: Cannot extract transcript ENSDART00000161092's sequence since the chromosome it locates, KN149943.1, is absent!
Warning: Cannot extract transcript ENSDART00000159407's sequence since the chromosome it locates, KN150355.1, is absent!
Warning: Cannot extract transcript ENSDART00000168490's sequence since the chromosome it locates, KN149696.2, is absent!
Warning: Cannot extract transcript ENSDART00000162265's sequence since the chromosome it locates, KN149688.2, is absent!
Warning: Cannot extract transcript ENSDART00000170148's sequence since the chromosome it locates, KN150703.1, is absent!
Warning: Cannot extract transcript ENSDART00000157898's sequence since the chromosome it locates, KN149904.1, is absent!
Warning: Cannot extract transcript ENSDART00000160483's sequence since the chromosome it locates, KN149916.1, is absent!
Warning: Cannot extract transcript ENSDART00000169103's sequence since the chromosome it locates, KN150067.1, is absent!
Warning: Cannot extract transcript ENSDART00000162942's sequence since the chromosome it locates, KN150432.1, is absent!
Warning: Cannot extract transcript ENSDART00000162213's sequence since the chromosome it locates, KN149696.2, is absent!
Warning: Cannot extract transcript ENSDART00000166757's sequence since the chromosome it locates, KN149696.2, is absent!
Warning: Cannot extract transcript ENSDART00000170217's sequence since the chromosome it locates, KN150189.1, is absent!
Warning: Cannot extract transcript ENSDART00000160874's sequence since the chromosome it locates, KN150345.1, is absent!
Warning: Cannot extract transcript ENSDART00000158506's sequence since the chromosome it locates, KN149883.1, is absent!
Warning: Cannot extract transcript ENSDART00000172360's sequence since the chromosome it locates, KN149883.1, is absent!
Warning: Cannot extract transcript ENSDART00000166478's sequence since the chromosome it locates, KN150351.1, is absent!
Warning: Cannot extract transcript ENSDART00000159349's sequence since the chromosome it locates, KN150041.2, is absent!
Warning: Cannot extract transcript ENSDART00000160080's sequence since the chromosome it locates, KN149936.1, is absent!
Warning: Cannot extract transcript ENSDART00000169739's sequence since the chromosome it locates, KN149688.2, is absent!
Warning: Cannot extract transcript ENSDART00000163887's sequence since the chromosome it locates, KN150620.1, is absent!
Warning: Cannot extract transcript ENSDART00000164260's sequence since the chromosome it locates, KN150285.1, is absent!
Warning: Cannot extract transcript ENSDART00000157606's sequence since the chromosome it locates, KN149895.1, is absent!
Warning: Cannot extract transcript ENSDART00000169467's sequence since the chromosome it locates, KN150127.1, is absent!
Warning: 538 transcripts are failed to extract because their chromosome sequences are absent.
Parsed 200000 lines
Parsed 400000 lines
Parsed 600000 lines
Parsed 800000 lines
Parsed 1000000 lines
Parsing gtf File is done!
/data/scratch/ensembl-92/danio_rerio-genome/danio_rerio.genome.fa is processed!
58329 transcripts are extracted.
Extracting sequences is done!
Group File is generated!
Transcript Information File is generated!
Chromosome List File is generated!
Extracted Sequences File is generated!

rsem-preref /data/transformed/RSEM-v1.3.0/ensembl-92/danio_rerio-genome.transcripts.fa 1 /data/transformed/RSEM-v1.3.0/ensembl-92/danio_rerio-genome
Refs.makeRefs finished!
Refs.saveRefs finished!
/data/transformed/RSEM-v1.3.0/ensembl-92/danio_rerio-genome.idx.fa is generated!
/data/transformed/RSEM-v1.3.0/ensembl-92/danio_rerio-genome.n2g.idx.fa is generated!

=== /opt/software/external/rsem/RSEM-v1.3.0/rsem-prepare-reference's Logs end Here ===
Program Complete
